{
  "stats": {
    "suites": 7,
    "tests": 9,
    "passes": 9,
    "pending": 0,
    "failures": 0,
    "start": "2018-10-21T04:05:15.664Z",
    "end": "2018-10-21T04:05:43.358Z",
    "duration": 27694,
    "testsRegistered": 9,
    "passPercent": 100,
    "pendingPercent": 0,
    "other": 0,
    "hasOther": false,
    "skipped": 0,
    "hasSkipped": false,
    "passPercentClass": "success",
    "pendingPercentClass": "danger"
  },
  "suites": {
    "uuid": "b725e4e7-89f6-41d5-9466-9697bf7567b7",
    "title": "",
    "fullFile": "",
    "file": "",
    "beforeHooks": [],
    "afterHooks": [],
    "tests": [],
    "suites": [
      {
        "uuid": "f2749cb2-d686-49bb-98ff-a16699521145",
        "title": "Rest Countries API - Test Suite",
        "fullFile": "/Users/irfannoor/Documents/GitHubRepo/ApiJavaScriptAutomation/specs/Test_GetCountry.js",
        "file": "/specs/Test_GetCountry.js",
        "beforeHooks": [],
        "afterHooks": [],
        "tests": [],
        "suites": [
          {
            "uuid": "586bfd7d-02ab-4259-86d5-661b117ed5ce",
            "title": "Basic Shakedown Tests",
            "fullFile": "/Users/irfannoor/Documents/GitHubRepo/ApiJavaScriptAutomation/specs/Test_GetCountry.js",
            "file": "/specs/Test_GetCountry.js",
            "beforeHooks": [],
            "afterHooks": [],
            "tests": [
              {
                "title": "Verify 'Name' Api response is OK",
                "fullTitle": "Rest Countries API - Test Suite Basic Shakedown Tests Verify 'Name' Api response is OK",
                "timedOut": false,
                "duration": 3690,
                "state": "passed",
                "speed": "slow",
                "pass": true,
                "fail": false,
                "pending": false,
                "code": "test.data.INPUT_NAME = \"Australia\"\nbyName_response = await Get_ByName(test.data);\nexpect(byName_response.status).to.equal(200);\nexpect(byName_response.data).to.be.an('array');",
                "err": {},
                "isRoot": false,
                "uuid": "777d3853-20ab-499d-aff5-f6e03ba282c8",
                "isHook": false,
                "skipped": false
              },
              {
                "title": "Verify 'Code' Api response is OK",
                "fullTitle": "Rest Countries API - Test Suite Basic Shakedown Tests Verify 'Code' Api response is OK",
                "timedOut": false,
                "duration": 3485,
                "state": "passed",
                "speed": "slow",
                "pass": true,
                "fail": false,
                "pending": false,
                "code": "test.data.INPUT_CODE = \"AU\"\nbyCode_response = await Get_ByCode(test.data);\nexpect(byCode_response.status).to.equal(200);\nexpect(byCode_response.data).to.include.any.keys( 'name', 'topLevelDomain',\n'alpha2Code','alpha3Code','callingCodes','capital','altSpellings','region',\n'subregion','population','demonym','area','nativeName','numericCode','currencies');",
                "err": {},
                "isRoot": false,
                "uuid": "2a47bdc2-42a8-4bf5-b9d5-e986ac01dc1b",
                "isHook": false,
                "skipped": false
              },
              {
                "title": "Verify 'Capital' Api response is OK",
                "fullTitle": "Rest Countries API - Test Suite Basic Shakedown Tests Verify 'Capital' Api response is OK",
                "timedOut": false,
                "duration": 1332,
                "state": "passed",
                "speed": "slow",
                "pass": true,
                "fail": false,
                "pending": false,
                "code": "test.data.INPUT_CAPITAL = \"Canberra\",\nbyCapital_response = await Get_ByCapital(test.data);\nexpect(byCapital_response.status).to.equal(200);\nexpect(byCapital_response.data).to.be.an('array');",
                "err": {},
                "isRoot": false,
                "uuid": "7f0231d4-5350-49c7-b16f-0758aa18f1b2",
                "isHook": false,
                "skipped": false
              },
              {
                "title": "Verify 'Region' Api response is OK",
                "fullTitle": "Rest Countries API - Test Suite Basic Shakedown Tests Verify 'Region' Api response is OK",
                "timedOut": false,
                "duration": 2162,
                "state": "passed",
                "speed": "slow",
                "pass": true,
                "fail": false,
                "pending": false,
                "code": "test.data.INPUT_REGION = \"Oceania\"\nbyRegion_response = await Get_ByRegion(test.data);\nexpect(byRegion_response.status).to.equal(200);\nexpect(byRegion_response.data).to.be.an('array');",
                "err": {},
                "isRoot": false,
                "uuid": "68e79f54-ef94-40c4-bfda-9e96acddc349",
                "isHook": false,
                "skipped": false
              }
            ],
            "suites": [],
            "passes": [
              "777d3853-20ab-499d-aff5-f6e03ba282c8",
              "2a47bdc2-42a8-4bf5-b9d5-e986ac01dc1b",
              "7f0231d4-5350-49c7-b16f-0758aa18f1b2",
              "68e79f54-ef94-40c4-bfda-9e96acddc349"
            ],
            "failures": [],
            "pending": [],
            "skipped": [],
            "duration": 10669,
            "root": false,
            "rootEmpty": false,
            "_timeout": 30000
          },
          {
            "uuid": "f81afc43-f965-4664-825f-1a821c2b6900",
            "title": "Functional Tests",
            "fullFile": "/Users/irfannoor/Documents/GitHubRepo/ApiJavaScriptAutomation/specs/Test_GetCountry.js",
            "file": "/specs/Test_GetCountry.js",
            "beforeHooks": [],
            "afterHooks": [],
            "tests": [
              {
                "title": "Verify CAPITAL NAME in 'Name Api' using 'Capital Api'",
                "fullTitle": "Rest Countries API - Test Suite Functional Tests Verify CAPITAL NAME in 'Name Api' using 'Capital Api'",
                "timedOut": false,
                "duration": 5279,
                "state": "passed",
                "speed": "slow",
                "pass": true,
                "fail": false,
                "pending": false,
                "code": "test.data.INPUT_CODE = \"AU\"   //Australia\nbyCode_response = await Get_ByCode(test.data);\n//take name of country + capital from response of CODE api\ntest.data.INPUT_NAME = byCode_response.data.name\ntest.data.INPUT_CAPITAL = byCode_response.data.capital\n//get responses of 'Name api' and 'Capital api'\nbyName_response = await Get_ByName(test.data);\nbyCapital_response = await Get_ByCapital(test.data);\n//expect that both response should have 'Country name' and 'capital'\nexpect(byName_response.data[0]).to.include.any.keys( 'name', 'capital',);\nexpect(byCapital_response.data[0]).to.include.any.keys( 'name', 'capital',);\n//Verify capital_name in 'Name Api' using 'Capital Api'\nexpect(byName_response.data[0].capital).to.equal(byCapital_response.data[0].capital);",
                "err": {},
                "isRoot": false,
                "uuid": "2f8f7707-401c-4a6b-b0a6-7e1b745e4a7d",
                "isHook": false,
                "skipped": false
              },
              {
                "title": "Verify POPULATION value is same in 'Name + Code + Capital' Api responses",
                "fullTitle": "Rest Countries API - Test Suite Functional Tests Verify POPULATION value is same in 'Name + Code + Capital' Api responses",
                "timedOut": false,
                "duration": 5407,
                "state": "passed",
                "speed": "slow",
                "pass": true,
                "fail": false,
                "pending": false,
                "code": "test.data.INPUT_CODE = \"CN\"  //CHINA\nbyCode_response = await Get_ByCode(test.data);\n//take name of country + capital from response of CODE api\ntest.data.INPUT_NAME = byCode_response.data.name\ntest.data.INPUT_CAPITAL = byCode_response.data.capital\n//get responses of 'Name api' and 'Capital api'\nbyName_response = await Get_ByName(test.data);\nbyCapital_response = await Get_ByCapital(test.data);\n//expect that both response should have 'Country name' and 'capital'\nexpect(byName_response.data[0]).to.include.any.keys( 'population');\nexpect(byCapital_response.data[0]).to.include.any.keys( 'population',);\n//Verify Population value is same in Name + Code + Capital Api responses\nexpect(byCode_response.data.population).to.equal(byName_response.data[0].population);\nexpect(byCode_response.data.population).to.equal(byCapital_response.data[0].population);\nexpect(byName_response.data[0].population).to.equal(byCapital_response.data[0].population);",
                "err": {},
                "isRoot": false,
                "uuid": "c016ae55-efd2-4966-94c3-9685aee4cbaf",
                "isHook": false,
                "skipped": false
              },
              {
                "title": "Verify AREA value is same in 'Name + Code + Capital' Api responses",
                "fullTitle": "Rest Countries API - Test Suite Functional Tests Verify AREA value is same in 'Name + Code + Capital' Api responses",
                "timedOut": false,
                "duration": 4520,
                "state": "passed",
                "speed": "slow",
                "pass": true,
                "fail": false,
                "pending": false,
                "code": "test.data.INPUT_CODE = \"PK\"  //PAKISTAN\nbyCode_response = await Get_ByCode(test.data);\n//take name of country + capital from response of CODE api\ntest.data.INPUT_NAME = byCode_response.data.name\ntest.data.INPUT_CAPITAL = byCode_response.data.capital\n//get responses of 'Name api' and 'Capital api'\nbyName_response = await Get_ByName(test.data);\nbyCapital_response = await Get_ByCapital(test.data);\n//expect that both response should have 'Country name' and 'capital'\nexpect(byName_response.data[0]).to.include.any.keys( 'area');\nexpect(byCapital_response.data[0]).to.include.any.keys( 'area',);\n//Verify AREA value is same in Name + Code + Capital Api responses\nexpect(byCode_response.data.area).to.equal(byName_response.data[0].area);\nexpect(byCode_response.data.area).to.equal(byCapital_response.data[0].area);\nexpect(byName_response.data[0].area).to.equal(byCapital_response.data[0].area);",
                "err": {},
                "isRoot": false,
                "uuid": "626b5d68-58e1-4c61-b4a3-cb842310caa5",
                "isHook": false,
                "skipped": false
              }
            ],
            "suites": [],
            "passes": [
              "2f8f7707-401c-4a6b-b0a6-7e1b745e4a7d",
              "c016ae55-efd2-4966-94c3-9685aee4cbaf",
              "626b5d68-58e1-4c61-b4a3-cb842310caa5"
            ],
            "failures": [],
            "pending": [],
            "skipped": [],
            "duration": 15206,
            "root": false,
            "rootEmpty": false,
            "_timeout": 30000
          }
        ],
        "passes": [],
        "failures": [],
        "pending": [],
        "skipped": [],
        "duration": 0,
        "root": false,
        "rootEmpty": false,
        "_timeout": 30000
      },
      {
        "uuid": "0d233fd0-4cf5-42d2-983a-a5cea76e3493",
        "title": "Postman Echo API Suite - GET",
        "fullFile": "/Users/irfannoor/Documents/GitHubRepo/ApiJavaScriptAutomation/specs/Test_echoGet.js",
        "file": "/specs/Test_echoGet.js",
        "beforeHooks": [],
        "afterHooks": [],
        "tests": [],
        "suites": [
          {
            "uuid": "626c2628-a9ad-4280-9ecc-2bc7866f5b18",
            "title": "Basic Test",
            "fullFile": "/Users/irfannoor/Documents/GitHubRepo/ApiJavaScriptAutomation/specs/Test_echoGet.js",
            "file": "/specs/Test_echoGet.js",
            "beforeHooks": [],
            "afterHooks": [],
            "tests": [
              {
                "title": "Test 1",
                "fullTitle": "Postman Echo API Suite - GET Basic Test Test 1",
                "timedOut": false,
                "duration": 1086,
                "state": "passed",
                "speed": "slow",
                "pass": true,
                "fail": false,
                "pending": false,
                "code": "let responseOut = await postmanGet(test.data);\nexpect(responseOut.url).to.equal(test.data.URL);",
                "err": {},
                "isRoot": false,
                "uuid": "f07e3081-6810-4049-a502-2bd3809c9129",
                "isHook": false,
                "skipped": false
              }
            ],
            "suites": [],
            "passes": [
              "f07e3081-6810-4049-a502-2bd3809c9129"
            ],
            "failures": [],
            "pending": [],
            "skipped": [],
            "duration": 1086,
            "root": false,
            "rootEmpty": false,
            "_timeout": 5000
          }
        ],
        "passes": [],
        "failures": [],
        "pending": [],
        "skipped": [],
        "duration": 0,
        "root": false,
        "rootEmpty": false,
        "_timeout": 5000
      },
      {
        "uuid": "286fc299-5e49-4702-bd74-82405cd812a8",
        "title": "Postman Echo API Suite - POST",
        "fullFile": "/Users/irfannoor/Documents/GitHubRepo/ApiJavaScriptAutomation/specs/Test_echoPost.js",
        "file": "/specs/Test_echoPost.js",
        "beforeHooks": [],
        "afterHooks": [],
        "tests": [],
        "suites": [
          {
            "uuid": "13e29ad9-f456-4e4f-b180-5c3d8a8d07e8",
            "title": "Basic Test",
            "fullFile": "/Users/irfannoor/Documents/GitHubRepo/ApiJavaScriptAutomation/specs/Test_echoPost.js",
            "file": "/specs/Test_echoPost.js",
            "beforeHooks": [],
            "afterHooks": [],
            "tests": [
              {
                "title": "Test 1",
                "fullTitle": "Postman Echo API Suite - POST Basic Test Test 1",
                "timedOut": false,
                "duration": 715,
                "state": "passed",
                "speed": "slow",
                "pass": true,
                "fail": false,
                "pending": false,
                "code": "let responseOut = await postmanPost(test.data);\nexpect(responseOut.url).to.equal(test.data.URL);",
                "err": {},
                "isRoot": false,
                "uuid": "32907c12-a8eb-4950-8adf-2060b3a02dc3",
                "isHook": false,
                "skipped": false
              }
            ],
            "suites": [],
            "passes": [
              "32907c12-a8eb-4950-8adf-2060b3a02dc3"
            ],
            "failures": [],
            "pending": [],
            "skipped": [],
            "duration": 715,
            "root": false,
            "rootEmpty": false,
            "_timeout": 5000
          }
        ],
        "passes": [],
        "failures": [],
        "pending": [],
        "skipped": [],
        "duration": 0,
        "root": false,
        "rootEmpty": false,
        "_timeout": 5000
      }
    ],
    "passes": [],
    "failures": [],
    "pending": [],
    "skipped": [],
    "duration": 0,
    "root": true,
    "rootEmpty": true,
    "_timeout": 2000
  },
  "copyrightYear": 2018
}